#! /usr/local/iverilog/bin/vvp
:ivl_version "11.0 (devel)" "(s20150603-642-g3bdb50da)";
:ivl_delay_selection "TYPICAL";
:vpi_time_precision + 0;
:vpi_module "system";
:vpi_module "vhdl_sys";
:vpi_module "vhdl_textio";
:vpi_module "v2005_math";
:vpi_module "va_math";
:vpi_module "v2009";
S_0000000000907260 .scope package, "$unit" "$unit" 2 1;
 .timescale 0 0;
S_00000000008bc730 .scope module, "testbench" "testbench" 3 2;
 .timescale 0 0;
v0000000000925d00_0 .var "test_clk", 0 0;
S_00000000008bc8c0 .scope module, "bibibi_cpu" "cpu" 3 6, 4 13 0, S_00000000008bc730;
 .timescale 0 0;
    .port_info 0 /INPUT 1 "clk";
L_00000000008ef0b0 .functor OR 1, L_00000000008ef190, v00000000009230e0_0, C4<0>, C4<0>;
L_00000000008ef190 .functor AND 1, v00000000009219c0_0, L_000000000092b2e0, C4<1>, C4<1>;
L_0000000001414958 .functor BUFT 1, C4<1>, C4<0>, C4<0>, C4<0>;
L_00000000008ef2e0 .functor XNOR 1, L_000000000092bd70, L_0000000001414958, C4<0>, C4<0>;
L_00000000014149a0 .functor BUFT 1, C4<1>, C4<0>, C4<0>, C4<0>;
L_00000000008ef350 .functor XNOR 1, L_000000000092b7c0, L_00000000014149a0, C4<0>, C4<0>;
L_00000000014149e8 .functor BUFT 1, C4<0>, C4<0>, C4<0>, C4<0>;
L_0000000000891530 .functor XNOR 1, L_000000000092aca0, L_00000000014149e8, C4<0>, C4<0>;
L_0000000001414b08 .functor BUFT 1, C4<1>, C4<0>, C4<0>, C4<0>;
L_0000000000890ea0 .functor XNOR 1, L_000000000092a660, L_0000000001414b08, C4<0>, C4<0>;
L_0000000001414b50 .functor BUFT 1, C4<1>, C4<0>, C4<0>, C4<0>;
L_0000000000872d10 .functor XNOR 1, L_000000000092a700, L_0000000001414b50, C4<0>, C4<0>;
L_0000000000873480 .functor BUFZ 32, v0000000000924ab0_0, C4<00000000000000000000000000000000>, C4<00000000000000000000000000000000>, C4<00000000000000000000000000000000>;
L_0000000001414fd0 .functor BUFT 1, C4<1>, C4<0>, C4<0>, C4<0>;
L_000000000092bd00 .functor XNOR 1, L_0000000000929b20, L_0000000001414fd0, C4<0>, C4<0>;
v0000000000923a70_0 .var "A_data_E", 31 0;
v0000000000924ab0_0 .var "B_data_E", 31 0;
v00000000009246f0_0 .net "B_temp_E", 31 0, L_0000000000929580;  1 drivers
v00000000009237f0_0 .net/2u *"_s129", 0 0, L_0000000001414fd0;  1 drivers
v0000000000924dd0_0 .net *"_s131", 0 0, L_000000000092bd00;  1 drivers
L_0000000001414910 .functor BUFT 1, C4<000000>, C4<0>, C4<0>, C4<0>;
v0000000000924d30_0 .net/2u *"_s17", 5 0, L_0000000001414910;  1 drivers
v0000000000925550_0 .net *"_s20", 25 0, L_000000000092a8e0;  1 drivers
v0000000000924bf0_0 .net/2u *"_s27", 0 0, L_0000000001414958;  1 drivers
v0000000000923f70_0 .net *"_s29", 0 0, L_00000000008ef2e0;  1 drivers
v0000000000924b50_0 .net/2u *"_s33", 0 0, L_00000000014149a0;  1 drivers
v0000000000924f10_0 .net *"_s35", 0 0, L_00000000008ef350;  1 drivers
L_0000000001414880 .functor BUFT 1, C4<00000000000000000000000000000100>, C4<0>, C4<0>, C4<0>;
v0000000000924e70_0 .net/2u *"_s4", 31 0, L_0000000001414880;  1 drivers
v0000000000923b10_0 .net *"_s44", 0 0, L_000000000092aca0;  1 drivers
v0000000000924fb0_0 .net/2u *"_s45", 0 0, L_00000000014149e8;  1 drivers
v0000000000925050_0 .net *"_s47", 0 0, L_0000000000891530;  1 drivers
L_0000000001414a30 .functor BUFT 1, C4<0000000000000000>, C4<0>, C4<0>, C4<0>;
v0000000000925410_0 .net/2u *"_s49", 15 0, L_0000000001414a30;  1 drivers
v0000000000924830_0 .net *"_s52", 15 0, L_000000000092afc0;  1 drivers
v00000000009240b0_0 .net *"_s53", 31 0, L_000000000092b380;  1 drivers
L_0000000001414a78 .functor BUFT 1, C4<1111111111111111>, C4<0>, C4<0>, C4<0>;
v00000000009254b0_0 .net/2u *"_s55", 15 0, L_0000000001414a78;  1 drivers
v0000000000925190_0 .net *"_s58", 15 0, L_0000000000929ee0;  1 drivers
v0000000000923750_0 .net *"_s59", 31 0, L_000000000092a020;  1 drivers
v0000000000925230_0 .net *"_s66", 4 0, L_000000000092a2a0;  1 drivers
v0000000000924010_0 .net *"_s68", 4 0, L_000000000092a160;  1 drivers
v0000000000924150_0 .net *"_s70", 4 0, L_000000000092a200;  1 drivers
v00000000009252d0_0 .net/2u *"_s86", 0 0, L_0000000001414b08;  1 drivers
v0000000000925370_0 .net *"_s88", 0 0, L_0000000000890ea0;  1 drivers
v0000000000924c90_0 .net/2u *"_s92", 0 0, L_0000000001414b50;  1 drivers
v0000000000924a10_0 .net *"_s94", 0 0, L_0000000000872d10;  1 drivers
v00000000009241f0_0 .net "alu_out_E", 31 0, v0000000000902650_0;  1 drivers
v0000000000923890_0 .net "alu_out_M", 31 0, L_0000000000929940;  1 drivers
v00000000009248d0_0 .net "alu_out_W", 31 0, L_0000000000928d60;  1 drivers
v0000000000923930_0 .net "aluctrl_D", 2 0, v0000000000922d20_0;  1 drivers
v0000000000923bb0_0 .net "aluctrl_E", 2 0, L_000000000092a5c0;  1 drivers
v0000000000923c50_0 .net "alusrc_D", 0 0, v0000000000923040_0;  1 drivers
v0000000000924330_0 .net "alusrc_E", 0 0, L_000000000092a660;  1 drivers
v00000000009243d0_0 .net "branch_beq_D", 0 0, v00000000009219c0_0;  1 drivers
v0000000000924470_0 .net "clk", 0 0, v0000000000925d00_0;  1 drivers
v0000000000924510_0 .net "equal_D", 0 0, L_000000000092b2e0;  1 drivers
v00000000009245b0_0 .net "flush_D", 0 0, L_00000000008ef0b0;  1 drivers
v0000000000924970_0 .net "flush_E", 0 0, L_000000000092b6e0;  1 drivers
v0000000000924650_0 .net "forwardA_D", 0 0, L_000000000092bd70;  1 drivers
v0000000000927380_0 .net "forwardA_E", 1 0, v000000000091f690_0;  1 drivers
v00000000009274c0_0 .net "forwardB_D", 0 0, L_000000000092b7c0;  1 drivers
v00000000009260c0_0 .net "forwardB_E", 1 0, v000000000091f730_0;  1 drivers
v0000000000926020_0 .net "imm32_D", 31 0, L_000000000092a0c0;  1 drivers
v0000000000927060_0 .net "imm32_E", 31 0, L_0000000000928400;  1 drivers
v0000000000926e80_0 .net "instr_D", 31 0, L_000000000092b100;  1 drivers
v0000000000926160_0 .net "instr_F", 31 0, L_00000000008ef120;  1 drivers
v0000000000926ac0_0 .net "mem_out_M", 31 0, L_0000000000929440;  1 drivers
v0000000000926b60_0 .net "mem_out_W", 31 0, L_0000000000928680;  1 drivers
v0000000000927100_0 .net "memtoreg_D", 0 0, v0000000000922820_0;  1 drivers
v0000000000926200_0 .net "memtoreg_E", 0 0, L_000000000092ad40;  1 drivers
v0000000000926980_0 .net "memtoreg_M", 0 0, L_0000000000929d00;  1 drivers
v00000000009262a0_0 .net "memtoreg_W", 0 0, L_0000000000929b20;  1 drivers
v0000000000927420_0 .net "memwrite_D", 0 0, v00000000009220a0_0;  1 drivers
v0000000000926f20_0 .net "memwrite_E", 0 0, L_000000000092a520;  1 drivers
v00000000009271a0_0 .net "memwrite_M", 0 0, L_0000000000927b40;  1 drivers
v0000000000926ca0_0 .net "of_E", 0 0, L_00000000009280e0;  1 drivers
v0000000000925b20_0 .var "pc_BEQ_addr_D", 31 0;
v0000000000926c00_0 .net "pc_J_addr_D", 31 0, L_000000000092b4c0;  1 drivers
v0000000000926480_0 .var "pc_in_F", 31 0;
v0000000000926340_0 .net "pc_out_F", 31 0, v00000000009223c0_0;  1 drivers
v0000000000927240_0 .net "pc_plus4_D", 31 0, L_000000000092b560;  1 drivers
v0000000000926a20_0 .net "pc_plus4_F", 31 0, L_000000000092a840;  1 drivers
v00000000009268e0_0 .net "pc_src_BEQ_D", 0 0, L_00000000008ef190;  1 drivers
v0000000000926fc0_0 .net "pc_src_J_D", 0 0, v00000000009230e0_0;  1 drivers
v0000000000926700_0 .net "rd_addr_E", 4 0, L_000000000092ade0;  1 drivers
v0000000000927560_0 .net "reg_in_addr_W", 4 0, L_0000000000929bc0;  1 drivers
v0000000000925a80_0 .net "reg_in_data_W", 31 0, L_0000000000928040;  1 drivers
v00000000009267a0_0 .net "regdst_D", 0 0, v0000000000921b00_0;  1 drivers
v00000000009272e0_0 .net "regdst_E", 0 0, L_000000000092a700;  1 drivers
v0000000000925e40_0 .net "regwrite_D", 0 0, v00000000009232c0_0;  1 drivers
v00000000009263e0_0 .net "regwrite_E", 0 0, L_000000000092a480;  1 drivers
v0000000000925800_0 .net "regwrite_M", 0 0, L_0000000000928860;  1 drivers
v0000000000926520_0 .net "regwrite_W", 0 0, L_0000000000929a80;  1 drivers
v0000000000925f80_0 .net "rs_addr_E", 4 0, L_000000000092aac0;  1 drivers
v0000000000926660_0 .net "rs_data_D", 31 0, L_000000000092ae80;  1 drivers
v0000000000926de0_0 .net "rs_data_E", 31 0, L_000000000092ac00;  1 drivers
v00000000009265c0_0 .net "rs_temp_D", 31 0, v00000000009236b0_0;  1 drivers
v0000000000925da0_0 .net "rt_addr_E", 4 0, L_000000000092ab60;  1 drivers
v0000000000925bc0_0 .net "rt_data_D", 31 0, L_000000000092b1a0;  1 drivers
v0000000000926840_0 .net "rt_data_E", 31 0, L_000000000092aa20;  1 drivers
v0000000000926d40_0 .net "rt_temp_D", 31 0, v00000000009250f0_0;  1 drivers
v00000000009256c0_0 .net "stall_D", 0 0, L_000000000092c2b0;  1 drivers
v0000000000925760_0 .net "stall_F", 0 0, L_000000000092b8a0;  1 drivers
v00000000009258a0_0 .net "writedata_E", 31 0, L_0000000000873480;  1 drivers
v0000000000925ee0_0 .net "writedata_M", 31 0, L_0000000000927be0;  1 drivers
v0000000000925940_0 .net "writereg_E", 4 0, L_00000000009278c0;  1 drivers
v00000000009259e0_0 .net "writereg_M", 4 0, L_0000000000928c20;  1 drivers
v0000000000925c60_0 .net "zero_E", 0 0, L_0000000000929800;  1 drivers
E_00000000008f8060 .event edge, v000000000091f730_0, v0000000000926840_0, v0000000000924290_0, v0000000000923890_0;
E_00000000008f8ba0 .event edge, v000000000091f690_0, v0000000000926de0_0, v0000000000924290_0, v0000000000923890_0;
E_00000000008f8220 .event edge, v0000000000926e80_0, v0000000000927240_0;
E_00000000008f85a0/0 .event edge, v00000000009230e0_0, v00000000009268e0_0, v0000000000926a20_0, v0000000000925b20_0;
E_00000000008f85a0/1 .event edge, v0000000000926c00_0;
E_00000000008f85a0 .event/or E_00000000008f85a0/0, E_00000000008f85a0/1;
L_000000000092a840 .arith/sum 32, v00000000009223c0_0, L_0000000001414880;
L_000000000092b420 .concat [ 32 32 0 0], L_000000000092a840, L_00000000008ef120;
L_000000000092b100 .part v0000000000921530_0, 32, 32;
L_000000000092b560 .part v0000000000921530_0, 0, 32;
L_000000000092b2e0 .cmp/eq 32, L_000000000092ae80, L_000000000092b1a0;
L_000000000092a8e0 .part L_000000000092b100, 0, 26;
L_000000000092b4c0 .concat [ 26 6 0 0], L_000000000092a8e0, L_0000000001414910;
L_000000000092a7a0 .part L_000000000092b100, 26, 6;
L_000000000092a980 .part L_000000000092b100, 0, 6;
L_000000000092ae80 .functor MUXZ 32, v00000000009236b0_0, L_0000000000929940, L_00000000008ef2e0, C4<>;
L_000000000092b1a0 .functor MUXZ 32, v00000000009250f0_0, L_0000000000929940, L_00000000008ef350, C4<>;
L_000000000092b240 .part L_000000000092b100, 21, 5;
L_000000000092a3e0 .part L_000000000092b100, 16, 5;
L_000000000092aca0 .part L_000000000092b100, 15, 1;
L_000000000092afc0 .part L_000000000092b100, 0, 16;
L_000000000092b380 .concat [ 16 16 0 0], L_000000000092afc0, L_0000000001414a30;
L_0000000000929ee0 .part L_000000000092b100, 0, 16;
L_000000000092a020 .concat [ 16 16 0 0], L_0000000000929ee0, L_0000000001414a78;
L_000000000092a0c0 .functor MUXZ 32, L_000000000092a020, L_000000000092b380, L_0000000000891530, C4<>;
L_000000000092a2a0 .part L_000000000092b100, 21, 5;
L_000000000092a160 .part L_000000000092b100, 16, 5;
L_000000000092a200 .part L_000000000092b100, 11, 5;
LS_000000000092a340_0_0 .concat [ 32 5 5 5], L_000000000092a0c0, L_000000000092a200, L_000000000092a160, L_000000000092a2a0;
LS_000000000092a340_0_4 .concat [ 32 32 1 1], L_000000000092b1a0, L_000000000092ae80, v0000000000921b00_0, v0000000000923040_0;
LS_000000000092a340_0_8 .concat [ 3 1 1 1], v0000000000922d20_0, v00000000009220a0_0, v0000000000922820_0, v00000000009232c0_0;
L_000000000092a340 .concat [ 47 66 6 0], LS_000000000092a340_0_0, LS_000000000092a340_0_4, LS_000000000092a340_0_8;
L_000000000092a480 .part v00000000008c2130_0, 118, 1;
L_000000000092ad40 .part v00000000008c2130_0, 117, 1;
L_000000000092a520 .part v00000000008c2130_0, 116, 1;
L_000000000092a5c0 .part v00000000008c2130_0, 113, 3;
L_000000000092a660 .part v00000000008c2130_0, 112, 1;
L_000000000092a700 .part v00000000008c2130_0, 111, 1;
L_000000000092ac00 .part v00000000008c2130_0, 79, 32;
L_000000000092aa20 .part v00000000008c2130_0, 47, 32;
L_000000000092aac0 .part v00000000008c2130_0, 42, 5;
L_000000000092ab60 .part v00000000008c2130_0, 37, 5;
L_000000000092ade0 .part v00000000008c2130_0, 32, 5;
L_0000000000928400 .part v00000000008c2130_0, 0, 32;
L_0000000000929580 .functor MUXZ 32, v0000000000924ab0_0, L_0000000000928400, L_0000000000890ea0, C4<>;
L_00000000009278c0 .functor MUXZ 5, L_000000000092ab60, L_000000000092ade0, L_0000000000872d10, C4<>;
LS_0000000000928ae0_0_0 .concat [ 5 32 32 1], L_00000000009278c0, L_0000000000873480, v0000000000902650_0, L_000000000092a520;
LS_0000000000928ae0_0_4 .concat [ 1 1 0 0], L_000000000092ad40, L_000000000092a480;
L_0000000000928ae0 .concat [ 70 2 0 0], LS_0000000000928ae0_0_0, LS_0000000000928ae0_0_4;
L_0000000000928860 .part v0000000000920c70_0, 71, 1;
L_0000000000929d00 .part v0000000000920c70_0, 70, 1;
L_0000000000927b40 .part v0000000000920c70_0, 69, 1;
L_0000000000929940 .part v0000000000920c70_0, 37, 32;
L_0000000000927be0 .part v0000000000920c70_0, 5, 32;
L_0000000000928c20 .part v0000000000920c70_0, 0, 5;
L_0000000000928cc0 .part L_0000000000929940, 0, 7;
LS_00000000009299e0_0_0 .concat [ 5 32 32 1], L_0000000000928c20, L_0000000000929940, L_0000000000929440, L_0000000000929d00;
LS_00000000009299e0_0_4 .concat [ 1 0 0 0], L_0000000000928860;
L_00000000009299e0 .concat [ 70 1 0 0], LS_00000000009299e0_0_0, LS_00000000009299e0_0_4;
L_0000000000929a80 .part v0000000000921740_0, 70, 1;
L_0000000000929b20 .part v0000000000921740_0, 69, 1;
L_0000000000928680 .part v0000000000921740_0, 37, 32;
L_0000000000928d60 .part v0000000000921740_0, 5, 32;
L_0000000000929bc0 .part v0000000000921740_0, 0, 5;
L_0000000000928040 .functor MUXZ 32, L_0000000000928d60, L_0000000000928680, L_000000000092bd00, C4<>;
L_0000000000927f00 .part L_000000000092b100, 21, 5;
L_0000000000927fa0 .part L_000000000092b100, 16, 5;
S_00000000008940d0 .scope module, "ALU_bibibi" "alu" 4 272, 5 6 0, S_00000000008bc8c0;
 .timescale 0 0;
    .port_info 0 /INPUT 3 "M";
    .port_info 1 /INPUT 32 "A";
    .port_info 2 /INPUT 32 "B";
    .port_info 3 /OUTPUT 32 "OUT";
    .port_info 4 /OUTPUT 1 "ZERO";
    .port_info 5 /OUTPUT 1 "OF";
L_00000000008736b0 .functor XNOR 1, L_0000000000929620, L_0000000000928f40, C4<0>, C4<0>;
L_0000000000899b70 .functor XOR 1, L_0000000000927aa0, L_0000000000929e40, C4<0>, C4<0>;
L_0000000000899470 .functor AND 1, L_00000000008736b0, L_0000000000899b70, C4<1>, C4<1>;
L_000000000092bbb0 .functor XOR 1, L_0000000000927960, L_0000000000928540, C4<0>, C4<0>;
L_000000000092c320 .functor XOR 1, L_0000000000929c60, L_0000000000928180, C4<0>, C4<0>;
L_000000000092c550 .functor AND 1, L_000000000092bbb0, L_000000000092c320, C4<1>, C4<1>;
L_000000000092c080 .functor NOT 1, L_0000000000928b80, C4<0>, C4<0>, C4<0>;
v0000000000902510_0 .net "A", 31 0, v0000000000923a70_0;  1 drivers
v0000000000902830_0 .net "B", 31 0, L_0000000000929580;  alias, 1 drivers
v00000000009028d0_0 .net "M", 2 0, L_000000000092a5c0;  alias, 1 drivers
v00000000009025b0_0 .net "OF", 0 0, L_00000000009280e0;  alias, 1 drivers
v0000000000902650_0 .var "OUT", 31 0;
v0000000000902b50_0 .net "ZERO", 0 0, L_0000000000929800;  alias, 1 drivers
L_0000000001414b98 .functor BUFT 1, C4<00000000000000000000000000000000>, C4<0>, C4<0>, C4<0>;
v0000000000902a10_0 .net/2u *"_s0", 31 0, L_0000000001414b98;  1 drivers
v00000000009026f0_0 .net *"_s11", 0 0, L_0000000000928f40;  1 drivers
v0000000000902970_0 .net *"_s12", 0 0, L_00000000008736b0;  1 drivers
v0000000000902d30_0 .net *"_s15", 0 0, L_0000000000927aa0;  1 drivers
v00000000009014d0_0 .net *"_s17", 0 0, L_0000000000929e40;  1 drivers
v00000000009021f0_0 .net *"_s18", 0 0, L_0000000000899b70;  1 drivers
v0000000000902ab0_0 .net *"_s20", 0 0, L_0000000000899470;  1 drivers
L_0000000001414be0 .functor BUFT 1, C4<01>, C4<0>, C4<0>, C4<0>;
v0000000000901610_0 .net/2s *"_s22", 1 0, L_0000000001414be0;  1 drivers
L_0000000001414c28 .functor BUFT 1, C4<00>, C4<0>, C4<0>, C4<0>;
v0000000000900e90_0 .net/2s *"_s24", 1 0, L_0000000001414c28;  1 drivers
v0000000000902790_0 .net *"_s26", 1 0, L_00000000009296c0;  1 drivers
v0000000000901750_0 .net *"_s31", 0 0, L_0000000000927960;  1 drivers
v0000000000902bf0_0 .net *"_s33", 0 0, L_0000000000928540;  1 drivers
v0000000000901570_0 .net *"_s34", 0 0, L_000000000092bbb0;  1 drivers
v0000000000900fd0_0 .net *"_s37", 0 0, L_0000000000929c60;  1 drivers
v0000000000901f70_0 .net *"_s39", 0 0, L_0000000000928180;  1 drivers
v0000000000901d90_0 .net *"_s40", 0 0, L_000000000092c320;  1 drivers
v0000000000901e30_0 .net *"_s42", 0 0, L_000000000092c550;  1 drivers
L_0000000001414c70 .functor BUFT 1, C4<01>, C4<0>, C4<0>, C4<0>;
v0000000000901070_0 .net/2s *"_s44", 1 0, L_0000000001414c70;  1 drivers
L_0000000001414cb8 .functor BUFT 1, C4<00>, C4<0>, C4<0>, C4<0>;
v0000000000901110_0 .net/2s *"_s46", 1 0, L_0000000001414cb8;  1 drivers
v0000000000901930_0 .net *"_s48", 1 0, L_00000000009289a0;  1 drivers
v00000000009017f0_0 .net *"_s52", 3 0, L_0000000000929080;  1 drivers
L_0000000001414d00 .functor BUFT 1, C4<0>, C4<0>, C4<0>, C4<0>;
v0000000000901250_0 .net *"_s55", 0 0, L_0000000001414d00;  1 drivers
L_0000000001414d48 .functor BUFT 1, C4<0010>, C4<0>, C4<0>, C4<0>;
v00000000009012f0_0 .net/2u *"_s56", 3 0, L_0000000001414d48;  1 drivers
v0000000000901390_0 .net *"_s58", 0 0, L_00000000009284a0;  1 drivers
v0000000000901430_0 .net *"_s62", 31 0, L_00000000009285e0;  1 drivers
L_0000000001414d90 .functor BUFT 1, C4<0000000000000000000000000000000>, C4<0>, C4<0>, C4<0>;
v00000000009016b0_0 .net *"_s65", 30 0, L_0000000001414d90;  1 drivers
L_0000000001414dd8 .functor BUFT 1, C4<00000000000000000000000000000000>, C4<0>, C4<0>, C4<0>;
v0000000000901a70_0 .net/2u *"_s66", 31 0, L_0000000001414dd8;  1 drivers
v0000000000901890_0 .net *"_s68", 0 0, L_0000000000929760;  1 drivers
v00000000009019d0_0 .net *"_s71", 0 0, L_00000000009276e0;  1 drivers
v0000000000901b10_0 .net *"_s73", 0 0, L_0000000000928b80;  1 drivers
v0000000000901bb0_0 .net *"_s74", 0 0, L_000000000092c080;  1 drivers
v0000000000901c50_0 .net *"_s9", 0 0, L_0000000000929620;  1 drivers
v0000000000901cf0_0 .net "add_ab", 31 0, L_0000000000928900;  1 drivers
v0000000000901ed0_0 .net "oflow_add", 0 0, L_0000000000927a00;  1 drivers
v00000000009023d0_0 .net "oflow_sub", 0 0, L_0000000000928a40;  1 drivers
v00000000009020b0_0 .net "slt", 0 0, L_0000000000929260;  1 drivers
v0000000000902290_0 .net "sub_ab", 31 0, L_00000000009294e0;  1 drivers
E_00000000008f8920/0 .event edge, v00000000009028d0_0, v0000000000902510_0, v0000000000902830_0, v0000000000901cf0_0;
E_00000000008f8920/1 .event edge, v0000000000902290_0, v00000000009020b0_0;
E_00000000008f8920 .event/or E_00000000008f8920/0, E_00000000008f8920/1;
L_0000000000929800 .cmp/eq 32, L_0000000001414b98, v0000000000902650_0;
L_00000000009294e0 .arith/sub 32, v0000000000923a70_0, L_0000000000929580;
L_0000000000928900 .arith/sum 32, v0000000000923a70_0, L_0000000000929580;
L_0000000000929620 .part v0000000000923a70_0, 31, 1;
L_0000000000928f40 .part L_0000000000929580, 31, 1;
L_0000000000927aa0 .part L_0000000000928900, 31, 1;
L_0000000000929e40 .part v0000000000923a70_0, 31, 1;
L_00000000009296c0 .functor MUXZ 2, L_0000000001414c28, L_0000000001414be0, L_0000000000899470, C4<>;
L_0000000000927a00 .part L_00000000009296c0, 0, 1;
L_0000000000927960 .part v0000000000923a70_0, 31, 1;
L_0000000000928540 .part L_0000000000929580, 31, 1;
L_0000000000929c60 .part L_00000000009294e0, 31, 1;
L_0000000000928180 .part v0000000000923a70_0, 31, 1;
L_00000000009289a0 .functor MUXZ 2, L_0000000001414cb8, L_0000000001414c70, L_000000000092c550, C4<>;
L_0000000000928a40 .part L_00000000009289a0, 0, 1;
L_0000000000929080 .concat [ 3 1 0 0], L_000000000092a5c0, L_0000000001414d00;
L_00000000009284a0 .cmp/eq 4, L_0000000000929080, L_0000000001414d48;
L_00000000009280e0 .functor MUXZ 1, L_0000000000928a40, L_0000000000927a00, L_00000000009284a0, C4<>;
L_00000000009285e0 .concat [ 1 31 0 0], L_0000000000928a40, L_0000000001414d90;
L_0000000000929760 .cmp/eq 32, L_00000000009285e0, L_0000000001414dd8;
L_00000000009276e0 .part L_00000000009294e0, 31, 1;
L_0000000000928b80 .part L_00000000009294e0, 31, 1;
L_0000000000929260 .functor MUXZ 1, L_000000000092c080, L_00000000009276e0, L_0000000000929760, C4<>;
S_000000000088a460 .scope module, "DE_bibibi" "regr" 4 215, 6 8 0, S_00000000008bc8c0;
 .timescale 0 0;
    .port_info 0 /INPUT 1 "clk";
    .port_info 1 /INPUT 1 "clear";
    .port_info 2 /INPUT 1 "hold";
    .port_info 3 /INPUT 119 "in";
    .port_info 4 /OUTPUT 119 "out";
P_00000000008f85e0 .param/l "N" 0 6 15, +C4<00000000000000000000000001110111>;
v0000000000902330_0 .net "clear", 0 0, L_000000000092b6e0;  alias, 1 drivers
v0000000000902470_0 .net "clk", 0 0, v0000000000925d00_0;  alias, 1 drivers
L_0000000001414ac0 .functor BUFT 1, C4<0>, C4<0>, C4<0>, C4<0>;
v00000000008c10f0_0 .net "hold", 0 0, L_0000000001414ac0;  1 drivers
v00000000008c1910_0 .net "in", 118 0, L_000000000092a340;  1 drivers
v00000000008c2130_0 .var "out", 118 0;
E_00000000008f98a0 .event posedge, v0000000000902470_0;
S_000000000088a5f0 .scope module, "DM_bibibi" "dm" 4 312, 7 8 0, S_00000000008bc8c0;
 .timescale 0 0;
    .port_info 0 /INPUT 1 "clk";
    .port_info 1 /INPUT 7 "Addr";
    .port_info 2 /INPUT 1 "Read";
    .port_info 3 /INPUT 1 "Write";
    .port_info 4 /INPUT 32 "W_data";
    .port_info 5 /OUTPUT 32 "R_data";
P_000000000089d8d0 .param/str "DM_DATA" 0 7 19, "dm_data.txt";
P_000000000089d908 .param/l "NMEM" 0 7 18, +C4<00000000000000000000000000001000>;
v00000000008eff20_0 .net "Addr", 6 0, L_0000000000928cc0;  1 drivers
v00000000008f0ba0_0 .net "R_data", 31 0, L_0000000000929440;  alias, 1 drivers
L_0000000001414ef8 .functor BUFT 1, C4<1>, C4<0>, C4<0>, C4<0>;
v00000000008e3940_0 .net "Read", 0 0, L_0000000001414ef8;  1 drivers
v000000000091ff50_0 .net "W_data", 31 0, L_0000000000927be0;  alias, 1 drivers
v0000000000921210_0 .net "Write", 0 0, L_0000000000927b40;  alias, 1 drivers
v00000000009210d0_0 .net *"_s0", 31 0, L_00000000009293a0;  1 drivers
v0000000000921350_0 .net *"_s2", 8 0, L_00000000009298a0;  1 drivers
L_0000000001414eb0 .functor BUFT 1, C4<00>, C4<0>, C4<0>, C4<0>;
v000000000091f7d0_0 .net *"_s5", 1 0, L_0000000001414eb0;  1 drivers
v00000000009209f0_0 .net "clk", 0 0, v0000000000925d00_0;  alias, 1 drivers
v0000000000920a90 .array "mem", 127 0, 31 0;
L_00000000009293a0 .array/port v0000000000920a90, L_00000000009298a0;
L_00000000009298a0 .concat [ 7 2 0 0], L_0000000000928cc0, L_0000000001414eb0;
L_0000000000929440 .functor MUXZ 32, L_00000000009293a0, L_0000000000927be0, L_0000000000927b40, C4<>;
S_0000000000896e80 .scope module, "EM_bibibi" "regr" 4 291, 6 8 0, S_00000000008bc8c0;
 .timescale 0 0;
    .port_info 0 /INPUT 1 "clk";
    .port_info 1 /INPUT 1 "clear";
    .port_info 2 /INPUT 1 "hold";
    .port_info 3 /INPUT 72 "in";
    .port_info 4 /OUTPUT 72 "out";
P_00000000008f91e0 .param/l "N" 0 6 15, +C4<00000000000000000000000001001000>;
L_0000000001414e20 .functor BUFT 1, C4<0>, C4<0>, C4<0>, C4<0>;
v0000000000920270_0 .net "clear", 0 0, L_0000000001414e20;  1 drivers
v0000000000920130_0 .net "clk", 0 0, v0000000000925d00_0;  alias, 1 drivers
L_0000000001414e68 .functor BUFT 1, C4<0>, C4<0>, C4<0>, C4<0>;
v0000000000920db0_0 .net "hold", 0 0, L_0000000001414e68;  1 drivers
v0000000000921170_0 .net "in", 71 0, L_0000000000928ae0;  1 drivers
v0000000000920c70_0 .var "out", 71 0;
S_0000000000897010 .scope module, "FD_bibibi" "regr" 4 86, 6 8 0, S_00000000008bc8c0;
 .timescale 0 0;
    .port_info 0 /INPUT 1 "clk";
    .port_info 1 /INPUT 1 "clear";
    .port_info 2 /INPUT 1 "hold";
    .port_info 3 /INPUT 64 "in";
    .port_info 4 /OUTPUT 64 "out";
P_00000000008f9920 .param/l "N" 0 6 15, +C4<00000000000000000000000001000000>;
v000000000091fff0_0 .net "clear", 0 0, L_00000000008ef0b0;  alias, 1 drivers
v00000000009213f0_0 .net "clk", 0 0, v0000000000925d00_0;  alias, 1 drivers
v00000000009203b0_0 .net "hold", 0 0, L_000000000092c2b0;  alias, 1 drivers
v000000000091fb90_0 .net "in", 63 0, L_000000000092b420;  1 drivers
v0000000000921530_0 .var "out", 63 0;
S_0000000000887790 .scope module, "HARZARD_UNIT_bibibi" "harzard_unit" 4 366, 8 13 0, S_00000000008bc8c0;
 .timescale 0 0;
    .port_info 0 /INPUT 5 "WriteRegE";
    .port_info 1 /INPUT 5 "WriteRegW";
    .port_info 2 /INPUT 5 "WriteRegM";
    .port_info 3 /INPUT 1 "RegWriteE";
    .port_info 4 /INPUT 1 "RegWriteW";
    .port_info 5 /INPUT 1 "RegWriteM";
    .port_info 6 /INPUT 5 "RsE";
    .port_info 7 /INPUT 5 "RtE";
    .port_info 8 /OUTPUT 2 "ForwardAE";
    .port_info 9 /OUTPUT 2 "ForwardBE";
    .port_info 10 /INPUT 5 "RsD";
    .port_info 11 /INPUT 5 "RtD";
    .port_info 12 /INPUT 1 "MemtoRegE";
    .port_info 13 /INPUT 1 "MemtoRegM";
    .port_info 14 /OUTPUT 1 "StallF";
    .port_info 15 /OUTPUT 1 "StallD";
    .port_info 16 /OUTPUT 1 "FlushE";
    .port_info 17 /OUTPUT 1 "ForwardAD";
    .port_info 18 /OUTPUT 1 "ForwardBD";
    .port_info 19 /INPUT 1 "BranchD";
L_000000000092c0f0 .functor OR 1, L_0000000000928e00, L_0000000000928720, C4<0>, C4<0>;
L_000000000092c390 .functor AND 1, L_000000000092c0f0, L_000000000092ad40, C4<1>, C4<1>;
L_000000000092c400 .functor AND 1, L_0000000000927c80, L_0000000000929da0, C4<1>, C4<1>;
L_0000000001415060 .functor BUFT 1, C4<1>, C4<0>, C4<0>, C4<0>;
L_000000000092c160 .functor XNOR 1, L_0000000000928860, L_0000000001415060, C4<0>, C4<0>;
L_000000000092bd70 .functor AND 1, L_000000000092c400, L_000000000092c160, C4<1>, C4<1>;
L_000000000092b750 .functor AND 1, L_0000000000928fe0, L_0000000000927780, C4<1>, C4<1>;
L_00000000014150f0 .functor BUFT 1, C4<1>, C4<0>, C4<0>, C4<0>;
L_000000000092be50 .functor XNOR 1, L_0000000000928860, L_00000000014150f0, C4<0>, C4<0>;
L_000000000092b7c0 .functor AND 1, L_000000000092b750, L_000000000092be50, C4<1>, C4<1>;
L_000000000092c1d0 .functor AND 1, v00000000009219c0_0, L_0000000000928860, C4<1>, C4<1>;
L_000000000092c4e0 .functor OR 1, L_0000000000929120, L_0000000000927820, C4<0>, C4<0>;
L_000000000092c5c0 .functor AND 1, L_000000000092c1d0, L_000000000092c4e0, C4<1>, C4<1>;
L_000000000092bde0 .functor AND 1, v00000000009219c0_0, L_0000000000929d00, C4<1>, C4<1>;
L_000000000092c240 .functor OR 1, L_0000000000927d20, L_0000000000927dc0, C4<0>, C4<0>;
L_000000000092bec0 .functor AND 1, L_000000000092bde0, L_000000000092c240, C4<1>, C4<1>;
L_000000000092c470 .functor OR 1, L_000000000092c5c0, L_000000000092bec0, C4<0>, C4<0>;
L_000000000092c2b0 .functor OR 1, L_000000000092c390, L_000000000092c470, C4<0>, C4<0>;
L_000000000092b8a0 .functor OR 1, L_000000000092c390, L_000000000092c470, C4<0>, C4<0>;
L_000000000092b6e0 .functor OR 1, L_000000000092c390, L_000000000092c470, C4<0>, C4<0>;
v0000000000920e50_0 .net "BranchD", 0 0, v00000000009219c0_0;  alias, 1 drivers
v00000000009212b0_0 .net "BranchStall", 0 0, L_000000000092c470;  1 drivers
v000000000091fe10_0 .net "FlushE", 0 0, L_000000000092b6e0;  alias, 1 drivers
v0000000000920d10_0 .net "ForwardAD", 0 0, L_000000000092bd70;  alias, 1 drivers
v000000000091f690_0 .var "ForwardAE", 1 0;
v0000000000921490_0 .net "ForwardBD", 0 0, L_000000000092b7c0;  alias, 1 drivers
v000000000091f730_0 .var "ForwardBE", 1 0;
v0000000000920450_0 .net "LWStall", 0 0, L_000000000092c390;  1 drivers
v000000000091f870_0 .net "MemtoRegE", 0 0, L_000000000092ad40;  alias, 1 drivers
v000000000091f910_0 .net "MemtoRegM", 0 0, L_0000000000929d00;  alias, 1 drivers
v0000000000920810_0 .net "RegWriteE", 0 0, L_000000000092a480;  alias, 1 drivers
v000000000091fcd0_0 .net "RegWriteM", 0 0, L_0000000000928860;  alias, 1 drivers
v000000000091f9b0_0 .net "RegWriteW", 0 0, L_0000000000929a80;  alias, 1 drivers
v000000000091fa50_0 .net "RsD", 4 0, L_0000000000927f00;  1 drivers
v00000000009204f0_0 .net "RsE", 4 0, L_000000000092aac0;  alias, 1 drivers
v0000000000920590_0 .net "RtD", 4 0, L_0000000000927fa0;  1 drivers
v000000000091faf0_0 .net "RtE", 4 0, L_000000000092ab60;  alias, 1 drivers
v0000000000920630_0 .net "StallD", 0 0, L_000000000092c2b0;  alias, 1 drivers
v0000000000920b30_0 .net "StallF", 0 0, L_000000000092b8a0;  alias, 1 drivers
v00000000009208b0_0 .net "WriteRegE", 4 0, L_00000000009278c0;  alias, 1 drivers
v0000000000920bd0_0 .net "WriteRegM", 4 0, L_0000000000928c20;  alias, 1 drivers
v000000000091fc30_0 .net "WriteRegW", 4 0, L_0000000000929bc0;  alias, 1 drivers
v000000000091fd70_0 .net *"_s0", 0 0, L_0000000000928e00;  1 drivers
v000000000091feb0_0 .net *"_s10", 0 0, L_0000000000927c80;  1 drivers
v0000000000920090_0 .net *"_s12", 0 0, L_0000000000929da0;  1 drivers
v0000000000920310_0 .net *"_s14", 0 0, L_000000000092c400;  1 drivers
v00000000009206d0_0 .net/2u *"_s16", 0 0, L_0000000001415060;  1 drivers
v0000000000920ef0_0 .net *"_s18", 0 0, L_000000000092c160;  1 drivers
v00000000009201d0_0 .net *"_s2", 0 0, L_0000000000928720;  1 drivers
L_00000000014150a8 .functor BUFT 1, C4<00000>, C4<0>, C4<0>, C4<0>;
v0000000000920770_0 .net/2u *"_s22", 4 0, L_00000000014150a8;  1 drivers
v0000000000920950_0 .net *"_s24", 0 0, L_0000000000928fe0;  1 drivers
v0000000000920f90_0 .net *"_s26", 0 0, L_0000000000927780;  1 drivers
v0000000000921030_0 .net *"_s28", 0 0, L_000000000092b750;  1 drivers
v0000000000922640_0 .net/2u *"_s30", 0 0, L_00000000014150f0;  1 drivers
v0000000000922780_0 .net *"_s32", 0 0, L_000000000092be50;  1 drivers
v0000000000922fa0_0 .net *"_s36", 0 0, L_000000000092c1d0;  1 drivers
v0000000000923220_0 .net *"_s38", 4 0, L_00000000009287c0;  1 drivers
v0000000000922960_0 .net *"_s4", 0 0, L_000000000092c0f0;  1 drivers
L_0000000001415138 .functor BUFT 1, C4<0000>, C4<0>, C4<0>, C4<0>;
v0000000000922a00_0 .net *"_s41", 3 0, L_0000000001415138;  1 drivers
v0000000000921d80_0 .net *"_s42", 0 0, L_0000000000929120;  1 drivers
v0000000000922c80_0 .net *"_s44", 4 0, L_0000000000929300;  1 drivers
L_0000000001415180 .functor BUFT 1, C4<0000>, C4<0>, C4<0>, C4<0>;
v0000000000921e20_0 .net *"_s47", 3 0, L_0000000001415180;  1 drivers
v0000000000921ec0_0 .net *"_s48", 0 0, L_0000000000927820;  1 drivers
v0000000000922140_0 .net *"_s50", 0 0, L_000000000092c4e0;  1 drivers
v0000000000922aa0_0 .net *"_s52", 0 0, L_000000000092c5c0;  1 drivers
v0000000000922e60_0 .net *"_s54", 0 0, L_000000000092bde0;  1 drivers
v0000000000922b40_0 .net *"_s56", 0 0, L_0000000000927d20;  1 drivers
v0000000000922f00_0 .net *"_s58", 0 0, L_0000000000927dc0;  1 drivers
v00000000009234a0_0 .net *"_s60", 0 0, L_000000000092c240;  1 drivers
v0000000000923540_0 .net *"_s62", 0 0, L_000000000092bec0;  1 drivers
L_0000000001415018 .functor BUFT 1, C4<00000>, C4<0>, C4<0>, C4<0>;
v0000000000921880_0 .net/2u *"_s8", 4 0, L_0000000001415018;  1 drivers
E_00000000008f9520/0 .event edge, v00000000009204f0_0, v0000000000920bd0_0, v000000000091fcd0_0, v000000000091fc30_0;
E_00000000008f9520/1 .event edge, v000000000091f9b0_0, v000000000091faf0_0;
E_00000000008f9520 .event/or E_00000000008f9520/0, E_00000000008f9520/1;
L_0000000000928e00 .cmp/eq 5, L_0000000000927f00, L_000000000092ab60;
L_0000000000928720 .cmp/eq 5, L_0000000000927fa0, L_000000000092ab60;
L_0000000000927c80 .cmp/ne 5, L_0000000000927f00, L_0000000001415018;
L_0000000000929da0 .cmp/eq 5, L_0000000000927f00, L_0000000000928c20;
L_0000000000928fe0 .cmp/ne 5, L_0000000000927fa0, L_00000000014150a8;
L_0000000000927780 .cmp/eq 5, L_0000000000927fa0, L_0000000000928c20;
L_00000000009287c0 .concat [ 1 4 0 0], L_000000000092a480, L_0000000001415138;
L_0000000000929120 .cmp/eq 5, L_00000000009287c0, L_0000000000927f00;
L_0000000000929300 .concat [ 1 4 0 0], L_000000000092a480, L_0000000001415180;
L_0000000000927820 .cmp/eq 5, L_0000000000929300, L_0000000000927fa0;
L_0000000000927d20 .cmp/eq 5, L_0000000000928c20, L_0000000000927f00;
L_0000000000927dc0 .cmp/eq 5, L_0000000000928c20, L_0000000000927fa0;
S_000000000087e420 .scope module, "IM_bibibi" "im" 4 79, 9 8 0, S_00000000008bc8c0;
 .timescale 0 0;
    .port_info 0 /INPUT 32 "addr";
    .port_info 1 /OUTPUT 32 "data";
P_000000000089da50 .param/str "IM_DATA" 0 9 14, "im_data.txt";
P_000000000089da88 .param/l "NMEM" 0 9 13, +C4<00000000000000000000000010000000>;
L_00000000008ef120 .functor BUFZ 32, L_0000000000929f80, C4<00000000000000000000000000000000>, C4<00000000000000000000000000000000>, C4<00000000000000000000000000000000>;
v00000000009226e0_0 .net *"_s0", 31 0, L_0000000000929f80;  1 drivers
v0000000000921920_0 .net *"_s3", 6 0, L_000000000092af20;  1 drivers
v0000000000921f60_0 .net *"_s4", 8 0, L_000000000092b060;  1 drivers
L_00000000014148c8 .functor BUFT 1, C4<00>, C4<0>, C4<0>, C4<0>;
v00000000009216a0_0 .net *"_s7", 1 0, L_00000000014148c8;  1 drivers
v0000000000922be0_0 .net "addr", 31 0, v00000000009223c0_0;  alias, 1 drivers
v00000000009228c0_0 .net "data", 31 0, L_00000000008ef120;  alias, 1 drivers
v0000000000922000 .array "mem", 127 0, 31 0;
L_0000000000929f80 .array/port v0000000000922000, L_000000000092b060;
L_000000000092af20 .part v00000000009223c0_0, 2, 7;
L_000000000092b060 .concat [ 7 2 0 0], L_000000000092af20, L_00000000014148c8;
S_00000000008785f0 .scope module, "MCU_bibibi" "mcu" 4 146, 10 8 0, S_00000000008bc8c0;
 .timescale 0 0;
    .port_info 0 /INPUT 6 "OPCode";
    .port_info 1 /INPUT 6 "Func";
    .port_info 2 /OUTPUT 1 "RegWrite";
    .port_info 3 /OUTPUT 1 "MemtoReg";
    .port_info 4 /OUTPUT 1 "MemWrite";
    .port_info 5 /OUTPUT 3 "ALUCtrl";
    .port_info 6 /OUTPUT 1 "ALUSrc";
    .port_info 7 /OUTPUT 1 "RegDst";
    .port_info 8 /OUTPUT 1 "BranchBEQ";
    .port_info 9 /OUTPUT 1 "BranchJ";
P_0000000000878780 .param/l "ADDI" 0 10 47, C4<001000>;
P_00000000008787b8 .param/l "BEQ" 0 10 45, C4<000100>;
P_00000000008787f0 .param/l "J" 0 10 46, C4<000010>;
P_0000000000878828 .param/l "LW" 0 10 42, C4<100011>;
P_0000000000878860 .param/l "R" 0 10 44, C4<000000>;
P_0000000000878898 .param/l "SW" 0 10 43, C4<101011>;
v0000000000922d20_0 .var "ALUCtrl", 2 0;
v0000000000922dc0_0 .var "ALUOp", 1 0;
v0000000000923040_0 .var "ALUSrc", 0 0;
v00000000009219c0_0 .var "BranchBEQ", 0 0;
v00000000009230e0_0 .var "BranchJ", 0 0;
v0000000000923180_0 .net "Func", 5 0, L_000000000092a980;  1 drivers
v00000000009220a0_0 .var "MemWrite", 0 0;
v0000000000922820_0 .var "MemtoReg", 0 0;
v0000000000921a60_0 .net "OPCode", 5 0, L_000000000092a7a0;  1 drivers
v0000000000921b00_0 .var "RegDst", 0 0;
v00000000009232c0_0 .var "RegWrite", 0 0;
v0000000000923360_0 .var "_funct", 2 0;
E_00000000008f9da0 .event edge, v0000000000923180_0;
E_00000000008f9b60 .event edge, v0000000000922dc0_0, v0000000000923360_0;
E_00000000008f8e60 .event edge, v0000000000921a60_0;
S_00000000008a1f30 .scope module, "MW_bibibi" "regr" 4 330, 6 8 0, S_00000000008bc8c0;
 .timescale 0 0;
    .port_info 0 /INPUT 1 "clk";
    .port_info 1 /INPUT 1 "clear";
    .port_info 2 /INPUT 1 "hold";
    .port_info 3 /INPUT 71 "in";
    .port_info 4 /OUTPUT 71 "out";
P_00000000008f9620 .param/l "N" 0 6 15, +C4<00000000000000000000000001000111>;
L_0000000001414f40 .functor BUFT 1, C4<0>, C4<0>, C4<0>, C4<0>;
v00000000009221e0_0 .net "clear", 0 0, L_0000000001414f40;  1 drivers
v0000000000922280_0 .net "clk", 0 0, v0000000000925d00_0;  alias, 1 drivers
L_0000000001414f88 .functor BUFT 1, C4<0>, C4<0>, C4<0>, C4<0>;
v0000000000922320_0 .net "hold", 0 0, L_0000000001414f88;  1 drivers
v0000000000923400_0 .net "in", 70 0, L_00000000009299e0;  1 drivers
v0000000000921740_0 .var "out", 70 0;
S_00000000008a20c0 .scope module, "PC_bibibi" "regr" 4 63, 6 8 0, S_00000000008bc8c0;
 .timescale 0 0;
    .port_info 0 /INPUT 1 "clk";
    .port_info 1 /INPUT 1 "clear";
    .port_info 2 /INPUT 1 "hold";
    .port_info 3 /INPUT 32 "in";
    .port_info 4 /OUTPUT 32 "out";
P_00000000008f8ee0 .param/l "N" 0 6 15, +C4<00000000000000000000000000100000>;
L_0000000001414838 .functor BUFT 1, C4<0>, C4<0>, C4<0>, C4<0>;
v00000000009217e0_0 .net "clear", 0 0, L_0000000001414838;  1 drivers
v0000000000921ba0_0 .net "clk", 0 0, v0000000000925d00_0;  alias, 1 drivers
v0000000000921c40_0 .net "hold", 0 0, L_000000000092b8a0;  alias, 1 drivers
v0000000000921ce0_0 .net "in", 31 0, v0000000000926480_0;  1 drivers
v00000000009223c0_0 .var "out", 31 0;
S_0000000000842c40 .scope module, "RF_bibibi" "regm" 4 182, 11 15 0, S_00000000008bc8c0;
 .timescale 0 0;
    .port_info 0 /INPUT 1 "clk";
    .port_info 1 /INPUT 5 "R_Reg1";
    .port_info 2 /INPUT 5 "R_Reg2";
    .port_info 3 /OUTPUT 32 "R_data1";
    .port_info 4 /OUTPUT 32 "R_data2";
    .port_info 5 /INPUT 1 "RegWr";
    .port_info 6 /INPUT 5 "W_Reg";
    .port_info 7 /INPUT 32 "W_data";
v0000000000922460_0 .net "R_Reg1", 4 0, L_000000000092b240;  1 drivers
v0000000000922500_0 .net "R_Reg2", 4 0, L_000000000092a3e0;  1 drivers
v00000000009225a0_0 .net "R_data1", 31 0, v00000000009236b0_0;  alias, 1 drivers
v0000000000923d90_0 .net "R_data2", 31 0, v00000000009250f0_0;  alias, 1 drivers
v0000000000923cf0_0 .net "RegWr", 0 0, L_0000000000929a80;  alias, 1 drivers
v0000000000924790_0 .net "W_Reg", 4 0, L_0000000000929bc0;  alias, 1 drivers
v0000000000924290_0 .net "W_data", 31 0, L_0000000000928040;  alias, 1 drivers
v00000000009236b0_0 .var "_data1", 31 0;
v00000000009250f0_0 .var "_data2", 31 0;
v0000000000923e30_0 .net "clk", 0 0, v0000000000925d00_0;  alias, 1 drivers
v0000000000923ed0_0 .var "index", 5 0;
v00000000009239d0 .array "mem", 31 0, 31 0;
E_00000000008f8f20/0 .event edge, v0000000000922500_0, v000000000091fc30_0, v000000000091f9b0_0, v0000000000924290_0;
v00000000009239d0_0 .array/port v00000000009239d0, 0;
v00000000009239d0_1 .array/port v00000000009239d0, 1;
v00000000009239d0_2 .array/port v00000000009239d0, 2;
v00000000009239d0_3 .array/port v00000000009239d0, 3;
E_00000000008f8f20/1 .event edge, v00000000009239d0_0, v00000000009239d0_1, v00000000009239d0_2, v00000000009239d0_3;
v00000000009239d0_4 .array/port v00000000009239d0, 4;
v00000000009239d0_5 .array/port v00000000009239d0, 5;
v00000000009239d0_6 .array/port v00000000009239d0, 6;
v00000000009239d0_7 .array/port v00000000009239d0, 7;
E_00000000008f8f20/2 .event edge, v00000000009239d0_4, v00000000009239d0_5, v00000000009239d0_6, v00000000009239d0_7;
v00000000009239d0_8 .array/port v00000000009239d0, 8;
v00000000009239d0_9 .array/port v00000000009239d0, 9;
v00000000009239d0_10 .array/port v00000000009239d0, 10;
v00000000009239d0_11 .array/port v00000000009239d0, 11;
E_00000000008f8f20/3 .event edge, v00000000009239d0_8, v00000000009239d0_9, v00000000009239d0_10, v00000000009239d0_11;
v00000000009239d0_12 .array/port v00000000009239d0, 12;
v00000000009239d0_13 .array/port v00000000009239d0, 13;
v00000000009239d0_14 .array/port v00000000009239d0, 14;
v00000000009239d0_15 .array/port v00000000009239d0, 15;
E_00000000008f8f20/4 .event edge, v00000000009239d0_12, v00000000009239d0_13, v00000000009239d0_14, v00000000009239d0_15;
v00000000009239d0_16 .array/port v00000000009239d0, 16;
v00000000009239d0_17 .array/port v00000000009239d0, 17;
v00000000009239d0_18 .array/port v00000000009239d0, 18;
v00000000009239d0_19 .array/port v00000000009239d0, 19;
E_00000000008f8f20/5 .event edge, v00000000009239d0_16, v00000000009239d0_17, v00000000009239d0_18, v00000000009239d0_19;
v00000000009239d0_20 .array/port v00000000009239d0, 20;
v00000000009239d0_21 .array/port v00000000009239d0, 21;
v00000000009239d0_22 .array/port v00000000009239d0, 22;
v00000000009239d0_23 .array/port v00000000009239d0, 23;
E_00000000008f8f20/6 .event edge, v00000000009239d0_20, v00000000009239d0_21, v00000000009239d0_22, v00000000009239d0_23;
v00000000009239d0_24 .array/port v00000000009239d0, 24;
v00000000009239d0_25 .array/port v00000000009239d0, 25;
v00000000009239d0_26 .array/port v00000000009239d0, 26;
v00000000009239d0_27 .array/port v00000000009239d0, 27;
E_00000000008f8f20/7 .event edge, v00000000009239d0_24, v00000000009239d0_25, v00000000009239d0_26, v00000000009239d0_27;
v00000000009239d0_28 .array/port v00000000009239d0, 28;
v00000000009239d0_29 .array/port v00000000009239d0, 29;
v00000000009239d0_30 .array/port v00000000009239d0, 30;
v00000000009239d0_31 .array/port v00000000009239d0, 31;
E_00000000008f8f20/8 .event edge, v00000000009239d0_28, v00000000009239d0_29, v00000000009239d0_30, v00000000009239d0_31;
E_00000000008f8f20 .event/or E_00000000008f8f20/0, E_00000000008f8f20/1, E_00000000008f8f20/2, E_00000000008f8f20/3, E_00000000008f8f20/4, E_00000000008f8f20/5, E_00000000008f8f20/6, E_00000000008f8f20/7, E_00000000008f8f20/8;
E_00000000008f98e0/0 .event edge, v0000000000922460_0, v000000000091fc30_0, v000000000091f9b0_0, v0000000000924290_0;
E_00000000008f98e0/1 .event edge, v00000000009239d0_0, v00000000009239d0_1, v00000000009239d0_2, v00000000009239d0_3;
E_00000000008f98e0/2 .event edge, v00000000009239d0_4, v00000000009239d0_5, v00000000009239d0_6, v00000000009239d0_7;
E_00000000008f98e0/3 .event edge, v00000000009239d0_8, v00000000009239d0_9, v00000000009239d0_10, v00000000009239d0_11;
E_00000000008f98e0/4 .event edge, v00000000009239d0_12, v00000000009239d0_13, v00000000009239d0_14, v00000000009239d0_15;
E_00000000008f98e0/5 .event edge, v00000000009239d0_16, v00000000009239d0_17, v00000000009239d0_18, v00000000009239d0_19;
E_00000000008f98e0/6 .event edge, v00000000009239d0_20, v00000000009239d0_21, v00000000009239d0_22, v00000000009239d0_23;
E_00000000008f98e0/7 .event edge, v00000000009239d0_24, v00000000009239d0_25, v00000000009239d0_26, v00000000009239d0_27;
E_00000000008f98e0/8 .event edge, v00000000009239d0_28, v00000000009239d0_29, v00000000009239d0_30, v00000000009239d0_31;
E_00000000008f98e0 .event/or E_00000000008f98e0/0, E_00000000008f98e0/1, E_00000000008f98e0/2, E_00000000008f98e0/3, E_00000000008f98e0/4, E_00000000008f98e0/5, E_00000000008f98e0/6, E_00000000008f98e0/7, E_00000000008f98e0/8;
    .scope S_00000000008a20c0;
T_0 ;
    %pushi/vec4 0, 0, 32;
    %store/vec4 v00000000009223c0_0, 0, 32;
    %end;
    .thread T_0;
    .scope S_00000000008a20c0;
T_1 ;
    %wait E_00000000008f98a0;
    %load/vec4 v0000000000921c40_0;
    %flag_set/vec4 8;
    %jmp/0xz  T_1.0, 8;
    %load/vec4 v00000000009223c0_0;
    %assign/vec4 v00000000009223c0_0, 0;
    %jmp T_1.1;
T_1.0 ;
    %load/vec4 v00000000009217e0_0;
    %flag_set/vec4 8;
    %jmp/0xz  T_1.2, 8;
    %pushi/vec4 0, 0, 32;
    %assign/vec4 v00000000009223c0_0, 0;
    %jmp T_1.3;
T_1.2 ;
    %load/vec4 v0000000000921ce0_0;
    %assign/vec4 v00000000009223c0_0, 0;
T_1.3 ;
T_1.1 ;
    %jmp T_1;
    .thread T_1;
    .scope S_000000000087e420;
T_2 ;
    %vpi_call/w 9 17 "$readmemh", P_000000000089da50, v0000000000922000, 32'sb00000000000000000000000000000000, 32'sb00000000000000000000000001111111 {0 0 0};
    %end;
    .thread T_2;
    .scope S_0000000000897010;
T_3 ;
    %pushi/vec4 0, 0, 64;
    %store/vec4 v0000000000921530_0, 0, 64;
    %end;
    .thread T_3;
    .scope S_0000000000897010;
T_4 ;
    %wait E_00000000008f98a0;
    %load/vec4 v00000000009203b0_0;
    %flag_set/vec4 8;
    %jmp/0xz  T_4.0, 8;
    %load/vec4 v0000000000921530_0;
    %assign/vec4 v0000000000921530_0, 0;
    %jmp T_4.1;
T_4.0 ;
    %load/vec4 v000000000091fff0_0;
    %flag_set/vec4 8;
    %jmp/0xz  T_4.2, 8;
    %pushi/vec4 0, 0, 64;
    %assign/vec4 v0000000000921530_0, 0;
    %jmp T_4.3;
T_4.2 ;
    %load/vec4 v000000000091fb90_0;
    %assign/vec4 v0000000000921530_0, 0;
T_4.3 ;
T_4.1 ;
    %jmp T_4;
    .thread T_4;
    .scope S_00000000008785f0;
T_5 ;
    %wait E_00000000008f8e60;
    %pushi/vec4 0, 0, 1;
    %assign/vec4 v00000000009232c0_0, 0;
    %pushi/vec4 0, 0, 1;
    %assign/vec4 v0000000000922820_0, 0;
    %pushi/vec4 0, 0, 1;
    %assign/vec4 v00000000009220a0_0, 0;
    %pushi/vec4 0, 0, 2;
    %assign/vec4 v0000000000922dc0_0, 0;
    %pushi/vec4 0, 0, 1;
    %assign/vec4 v0000000000923040_0, 0;
    %pushi/vec4 0, 0, 1;
    %assign/vec4 v0000000000921b00_0, 0;
    %pushi/vec4 0, 0, 1;
    %assign/vec4 v00000000009219c0_0, 0;
    %pushi/vec4 0, 0, 1;
    %assign/vec4 v00000000009230e0_0, 0;
    %load/vec4 v0000000000921a60_0;
    %dup/vec4;
    %pushi/vec4 35, 0, 6;
    %cmp/u;
    %jmp/1 T_5.0, 6;
    %dup/vec4;
    %pushi/vec4 43, 0, 6;
    %cmp/u;
    %jmp/1 T_5.1, 6;
    %dup/vec4;
    %pushi/vec4 0, 0, 6;
    %cmp/u;
    %jmp/1 T_5.2, 6;
    %dup/vec4;
    %pushi/vec4 4, 0, 6;
    %cmp/u;
    %jmp/1 T_5.3, 6;
    %dup/vec4;
    %pushi/vec4 2, 0, 6;
    %cmp/u;
    %jmp/1 T_5.4, 6;
    %dup/vec4;
    %pushi/vec4 8, 0, 6;
    %cmp/u;
    %jmp/1 T_5.5, 6;
    %jmp T_5.6;
T_5.0 ;
    %pushi/vec4 1, 0, 1;
    %assign/vec4 v00000000009232c0_0, 0;
    %pushi/vec4 1, 0, 1;
    %assign/vec4 v0000000000922820_0, 0;
    %pushi/vec4 1, 0, 1;
    %assign/vec4 v0000000000923040_0, 0;
    %jmp T_5.6;
T_5.1 ;
    %pushi/vec4 1, 0, 1;
    %assign/vec4 v0000000000923040_0, 0;
    %pushi/vec4 1, 0, 1;
    %assign/vec4 v00000000009220a0_0, 0;
    %jmp T_5.6;
T_5.2 ;
    %pushi/vec4 1, 0, 1;
    %assign/vec4 v00000000009232c0_0, 0;
    %pushi/vec4 1, 0, 1;
    %assign/vec4 v0000000000921b00_0, 0;
    %pushi/vec4 2, 0, 2;
    %assign/vec4 v0000000000922dc0_0, 0;
    %jmp T_5.6;
T_5.3 ;
    %pushi/vec4 1, 0, 1;
    %assign/vec4 v00000000009219c0_0, 0;
    %jmp T_5.6;
T_5.4 ;
    %pushi/vec4 1, 0, 1;
    %assign/vec4 v00000000009230e0_0, 0;
    %jmp T_5.6;
T_5.5 ;
    %pushi/vec4 1, 0, 1;
    %assign/vec4 v00000000009232c0_0, 0;
    %pushi/vec4 1, 0, 1;
    %assign/vec4 v0000000000923040_0, 0;
    %jmp T_5.6;
T_5.6 ;
    %pop/vec4 1;
    %jmp T_5;
    .thread T_5, $push;
    .scope S_00000000008785f0;
T_6 ;
    %wait E_00000000008f9b60;
    %load/vec4 v0000000000922dc0_0;
    %dup/vec4;
    %pushi/vec4 0, 0, 2;
    %cmp/u;
    %jmp/1 T_6.0, 6;
    %dup/vec4;
    %pushi/vec4 1, 0, 2;
    %cmp/u;
    %jmp/1 T_6.1, 6;
    %dup/vec4;
    %pushi/vec4 2, 0, 2;
    %cmp/u;
    %jmp/1 T_6.2, 6;
    %dup/vec4;
    %pushi/vec4 3, 0, 2;
    %cmp/u;
    %jmp/1 T_6.3, 6;
    %pushi/vec4 0, 0, 3;
    %store/vec4 v0000000000922d20_0, 0, 3;
    %jmp T_6.5;
T_6.0 ;
    %pushi/vec4 2, 0, 3;
    %store/vec4 v0000000000922d20_0, 0, 3;
    %jmp T_6.5;
T_6.1 ;
    %pushi/vec4 5, 0, 3;
    %store/vec4 v0000000000922d20_0, 0, 3;
    %jmp T_6.5;
T_6.2 ;
    %load/vec4 v0000000000923360_0;
    %store/vec4 v0000000000922d20_0, 0, 3;
    %jmp T_6.5;
T_6.3 ;
    %pushi/vec4 2, 0, 3;
    %store/vec4 v0000000000922d20_0, 0, 3;
    %jmp T_6.5;
T_6.5 ;
    %pop/vec4 1;
    %jmp T_6;
    .thread T_6, $push;
    .scope S_00000000008785f0;
T_7 ;
    %wait E_00000000008f9da0;
    %load/vec4 v0000000000923180_0;
    %parti/s 4, 0, 2;
    %dup/vec4;
    %pushi/vec4 4, 0, 4;
    %cmp/u;
    %jmp/1 T_7.0, 6;
    %dup/vec4;
    %pushi/vec4 5, 0, 4;
    %cmp/u;
    %jmp/1 T_7.1, 6;
    %dup/vec4;
    %pushi/vec4 0, 0, 4;
    %cmp/u;
    %jmp/1 T_7.2, 6;
    %dup/vec4;
    %pushi/vec4 2, 0, 4;
    %cmp/u;
    %jmp/1 T_7.3, 6;
    %dup/vec4;
    %pushi/vec4 10, 0, 4;
    %cmp/u;
    %jmp/1 T_7.4, 6;
    %dup/vec4;
    %pushi/vec4 7, 0, 4;
    %cmp/u;
    %jmp/1 T_7.5, 6;
    %dup/vec4;
    %pushi/vec4 6, 0, 4;
    %cmp/u;
    %jmp/1 T_7.6, 6;
    %pushi/vec4 0, 0, 3;
    %store/vec4 v0000000000923360_0, 0, 3;
    %jmp T_7.8;
T_7.0 ;
    %pushi/vec4 0, 0, 3;
    %store/vec4 v0000000000923360_0, 0, 3;
    %jmp T_7.8;
T_7.1 ;
    %pushi/vec4 1, 0, 3;
    %store/vec4 v0000000000923360_0, 0, 3;
    %jmp T_7.8;
T_7.2 ;
    %pushi/vec4 2, 0, 3;
    %store/vec4 v0000000000923360_0, 0, 3;
    %jmp T_7.8;
T_7.3 ;
    %pushi/vec4 3, 0, 3;
    %store/vec4 v0000000000923360_0, 0, 3;
    %jmp T_7.8;
T_7.4 ;
    %pushi/vec4 4, 0, 3;
    %store/vec4 v0000000000923360_0, 0, 3;
    %jmp T_7.8;
T_7.5 ;
    %pushi/vec4 6, 0, 3;
    %store/vec4 v0000000000923360_0, 0, 3;
    %jmp T_7.8;
T_7.6 ;
    %pushi/vec4 7, 0, 3;
    %store/vec4 v0000000000923360_0, 0, 3;
    %jmp T_7.8;
T_7.8 ;
    %pop/vec4 1;
    %jmp T_7;
    .thread T_7, $push;
    .scope S_0000000000842c40;
T_8 ;
    %pushi/vec4 0, 0, 6;
    %store/vec4 v0000000000923ed0_0, 0, 6;
T_8.0 ;
    %load/vec4 v0000000000923ed0_0;
    %pad/u 32;
    %cmpi/u 32, 0, 32;
    %jmp/0xz T_8.1, 5;
    %pushi/vec4 0, 0, 32;
    %load/vec4 v0000000000923ed0_0;
    %pad/u 7;
    %ix/vec4 4;
    %store/vec4a v00000000009239d0, 4, 0;
    %load/vec4 v0000000000923ed0_0;
    %addi 1, 0, 6;
    %store/vec4 v0000000000923ed0_0, 0, 6;
    %jmp T_8.0;
T_8.1 ;
    %end;
    .thread T_8;
    .scope S_0000000000842c40;
T_9 ;
    %vpi_call/w 11 36 "$display", "      $0,       $1,       $2,       $3,       $4,       $5,       $6,       $7,       $8,       $9,,       $10" {0 0 0};
    %vpi_call/w 11 37 "$monitor", "%x, %x, %x, %x, %x, %x, %x, %x, %x, %x, %x", &A<v00000000009239d0, 0>, &A<v00000000009239d0, 1>, &A<v00000000009239d0, 2>, &A<v00000000009239d0, 3>, &A<v00000000009239d0, 4>, &A<v00000000009239d0, 5>, &A<v00000000009239d0, 6>, &A<v00000000009239d0, 7>, &A<v00000000009239d0, 8>, &A<v00000000009239d0, 9>, &A<v00000000009239d0, 10> {0 0 0};
    %end;
    .thread T_9;
    .scope S_0000000000842c40;
T_10 ;
    %wait E_00000000008f98e0;
    %load/vec4 v0000000000922460_0;
    %cmpi/e 0, 0, 5;
    %jmp/0xz  T_10.0, 4;
    %pushi/vec4 0, 0, 32;
    %store/vec4 v00000000009236b0_0, 0, 32;
    %jmp T_10.1;
T_10.0 ;
    %load/vec4 v0000000000922460_0;
    %load/vec4 v0000000000924790_0;
    %cmp/e;
    %flag_get/vec4 4;
    %load/vec4 v0000000000923cf0_0;
    %and;
    %flag_set/vec4 8;
    %jmp/0xz  T_10.2, 8;
    %load/vec4 v0000000000924290_0;
    %store/vec4 v00000000009236b0_0, 0, 32;
    %jmp T_10.3;
T_10.2 ;
    %load/vec4 v0000000000922460_0;
    %pad/u 7;
    %ix/vec4 4;
    %load/vec4a v00000000009239d0, 4;
    %store/vec4 v00000000009236b0_0, 0, 32;
T_10.3 ;
T_10.1 ;
    %jmp T_10;
    .thread T_10, $push;
    .scope S_0000000000842c40;
T_11 ;
    %wait E_00000000008f8f20;
    %load/vec4 v0000000000922500_0;
    %cmpi/e 0, 0, 5;
    %jmp/0xz  T_11.0, 4;
    %pushi/vec4 0, 0, 32;
    %store/vec4 v00000000009250f0_0, 0, 32;
    %jmp T_11.1;
T_11.0 ;
    %load/vec4 v0000000000922500_0;
    %load/vec4 v0000000000924790_0;
    %cmp/e;
    %flag_get/vec4 4;
    %load/vec4 v0000000000923cf0_0;
    %and;
    %flag_set/vec4 8;
    %jmp/0xz  T_11.2, 8;
    %load/vec4 v0000000000924290_0;
    %store/vec4 v00000000009250f0_0, 0, 32;
    %jmp T_11.3;
T_11.2 ;
    %load/vec4 v0000000000922500_0;
    %pad/u 7;
    %ix/vec4 4;
    %load/vec4a v00000000009239d0, 4;
    %store/vec4 v00000000009250f0_0, 0, 32;
T_11.3 ;
T_11.1 ;
    %jmp T_11;
    .thread T_11, $push;
    .scope S_0000000000842c40;
T_12 ;
    %wait E_00000000008f98a0;
    %load/vec4 v0000000000923cf0_0;
    %load/vec4 v0000000000924790_0;
    %pushi/vec4 0, 0, 5;
    %cmp/ne;
    %flag_get/vec4 4;
    %and;
    %flag_set/vec4 8;
    %jmp/0xz  T_12.0, 8;
    %load/vec4 v0000000000924290_0;
    %load/vec4 v0000000000924790_0;
    %pad/u 7;
    %ix/vec4 3;
    %ix/load 4, 0, 0; Constant delay
    %assign/vec4/a/d v00000000009239d0, 0, 4;
T_12.0 ;
    %jmp T_12;
    .thread T_12;
    .scope S_000000000088a460;
T_13 ;
    %pushi/vec4 0, 0, 119;
    %store/vec4 v00000000008c2130_0, 0, 119;
    %end;
    .thread T_13;
    .scope S_000000000088a460;
T_14 ;
    %wait E_00000000008f98a0;
    %load/vec4 v00000000008c10f0_0;
    %flag_set/vec4 8;
    %jmp/0xz  T_14.0, 8;
    %load/vec4 v00000000008c2130_0;
    %assign/vec4 v00000000008c2130_0, 0;
    %jmp T_14.1;
T_14.0 ;
    %load/vec4 v0000000000902330_0;
    %flag_set/vec4 8;
    %jmp/0xz  T_14.2, 8;
    %pushi/vec4 0, 0, 119;
    %assign/vec4 v00000000008c2130_0, 0;
    %jmp T_14.3;
T_14.2 ;
    %load/vec4 v00000000008c1910_0;
    %assign/vec4 v00000000008c2130_0, 0;
T_14.3 ;
T_14.1 ;
    %jmp T_14;
    .thread T_14;
    .scope S_00000000008940d0;
T_15 ;
    %wait E_00000000008f8920;
    %load/vec4 v00000000009028d0_0;
    %dup/vec4;
    %pushi/vec4 0, 0, 3;
    %cmp/u;
    %jmp/1 T_15.0, 6;
    %dup/vec4;
    %pushi/vec4 1, 0, 3;
    %cmp/u;
    %jmp/1 T_15.1, 6;
    %dup/vec4;
    %pushi/vec4 2, 0, 3;
    %cmp/u;
    %jmp/1 T_15.2, 6;
    %dup/vec4;
    %pushi/vec4 3, 0, 3;
    %cmp/u;
    %jmp/1 T_15.3, 6;
    %dup/vec4;
    %pushi/vec4 4, 0, 3;
    %cmp/u;
    %jmp/1 T_15.4, 6;
    %dup/vec4;
    %pushi/vec4 5, 0, 3;
    %cmp/u;
    %jmp/1 T_15.5, 6;
    %dup/vec4;
    %pushi/vec4 6, 0, 3;
    %cmp/u;
    %jmp/1 T_15.6, 6;
    %dup/vec4;
    %pushi/vec4 7, 0, 3;
    %cmp/u;
    %jmp/1 T_15.7, 6;
    %pushi/vec4 0, 0, 32;
    %assign/vec4 v0000000000902650_0, 0;
    %jmp T_15.9;
T_15.0 ;
    %load/vec4 v0000000000902510_0;
    %load/vec4 v0000000000902830_0;
    %and;
    %assign/vec4 v0000000000902650_0, 0;
    %jmp T_15.9;
T_15.1 ;
    %load/vec4 v0000000000902510_0;
    %load/vec4 v0000000000902830_0;
    %or;
    %assign/vec4 v0000000000902650_0, 0;
    %jmp T_15.9;
T_15.2 ;
    %load/vec4 v0000000000901cf0_0;
    %assign/vec4 v0000000000902650_0, 0;
    %jmp T_15.9;
T_15.3 ;
    %load/vec4 v0000000000902290_0;
    %assign/vec4 v0000000000902650_0, 0;
    %jmp T_15.9;
T_15.4 ;
    %pushi/vec4 0, 0, 31;
    %load/vec4 v00000000009020b0_0;
    %concat/vec4; draw_concat_vec4
    %assign/vec4 v0000000000902650_0, 0;
    %jmp T_15.9;
T_15.5 ;
    %load/vec4 v0000000000902510_0;
    %inv;
    %assign/vec4 v0000000000902650_0, 0;
    %jmp T_15.9;
T_15.6 ;
    %load/vec4 v0000000000902510_0;
    %load/vec4 v0000000000902830_0;
    %or;
    %inv;
    %assign/vec4 v0000000000902650_0, 0;
    %jmp T_15.9;
T_15.7 ;
    %load/vec4 v0000000000902510_0;
    %load/vec4 v0000000000902830_0;
    %xor;
    %assign/vec4 v0000000000902650_0, 0;
    %jmp T_15.9;
T_15.9 ;
    %pop/vec4 1;
    %jmp T_15;
    .thread T_15, $push;
    .scope S_0000000000896e80;
T_16 ;
    %pushi/vec4 0, 0, 72;
    %store/vec4 v0000000000920c70_0, 0, 72;
    %end;
    .thread T_16;
    .scope S_0000000000896e80;
T_17 ;
    %wait E_00000000008f98a0;
    %load/vec4 v0000000000920db0_0;
    %flag_set/vec4 8;
    %jmp/0xz  T_17.0, 8;
    %load/vec4 v0000000000920c70_0;
    %assign/vec4 v0000000000920c70_0, 0;
    %jmp T_17.1;
T_17.0 ;
    %load/vec4 v0000000000920270_0;
    %flag_set/vec4 8;
    %jmp/0xz  T_17.2, 8;
    %pushi/vec4 0, 0, 72;
    %assign/vec4 v0000000000920c70_0, 0;
    %jmp T_17.3;
T_17.2 ;
    %load/vec4 v0000000000921170_0;
    %assign/vec4 v0000000000920c70_0, 0;
T_17.3 ;
T_17.1 ;
    %jmp T_17;
    .thread T_17;
    .scope S_000000000088a5f0;
T_18 ;
    %vpi_call/w 7 22 "$readmemh", P_000000000089d8d0, v0000000000920a90, 32'sb00000000000000000000000000000000, 32'sb00000000000000000000000000000111 {0 0 0};
    %end;
    .thread T_18;
    .scope S_000000000088a5f0;
T_19 ;
    %wait E_00000000008f98a0;
    %load/vec4 v0000000000921210_0;
    %flag_set/vec4 8;
    %jmp/0xz  T_19.0, 8;
    %load/vec4 v000000000091ff50_0;
    %load/vec4 v00000000008eff20_0;
    %pad/u 9;
    %ix/vec4 3;
    %ix/load 4, 0, 0; Constant delay
    %assign/vec4/a/d v0000000000920a90, 0, 4;
T_19.0 ;
    %jmp T_19;
    .thread T_19;
    .scope S_00000000008a1f30;
T_20 ;
    %pushi/vec4 0, 0, 71;
    %store/vec4 v0000000000921740_0, 0, 71;
    %end;
    .thread T_20;
    .scope S_00000000008a1f30;
T_21 ;
    %wait E_00000000008f98a0;
    %load/vec4 v0000000000922320_0;
    %flag_set/vec4 8;
    %jmp/0xz  T_21.0, 8;
    %load/vec4 v0000000000921740_0;
    %assign/vec4 v0000000000921740_0, 0;
    %jmp T_21.1;
T_21.0 ;
    %load/vec4 v00000000009221e0_0;
    %flag_set/vec4 8;
    %jmp/0xz  T_21.2, 8;
    %pushi/vec4 0, 0, 71;
    %assign/vec4 v0000000000921740_0, 0;
    %jmp T_21.3;
T_21.2 ;
    %load/vec4 v0000000000923400_0;
    %assign/vec4 v0000000000921740_0, 0;
T_21.3 ;
T_21.1 ;
    %jmp T_21;
    .thread T_21;
    .scope S_0000000000887790;
T_22 ;
    %wait E_00000000008f9520;
    %load/vec4 v00000000009204f0_0;
    %pushi/vec4 0, 0, 5;
    %cmp/ne;
    %flag_get/vec4 4;
    %load/vec4 v00000000009204f0_0;
    %load/vec4 v0000000000920bd0_0;
    %cmp/e;
    %flag_get/vec4 4;
    %and;
    %load/vec4 v000000000091fcd0_0;
    %pushi/vec4 1, 0, 1;
    %cmp/e;
    %flag_get/vec4 4;
    %and;
    %flag_set/vec4 8;
    %jmp/0xz  T_22.0, 8;
    %pushi/vec4 2, 0, 2;
    %store/vec4 v000000000091f690_0, 0, 2;
    %jmp T_22.1;
T_22.0 ;
    %load/vec4 v00000000009204f0_0;
    %pushi/vec4 0, 0, 5;
    %cmp/ne;
    %flag_get/vec4 4;
    %load/vec4 v00000000009204f0_0;
    %load/vec4 v000000000091fc30_0;
    %cmp/e;
    %flag_get/vec4 4;
    %and;
    %load/vec4 v000000000091f9b0_0;
    %pushi/vec4 1, 0, 1;
    %cmp/e;
    %flag_get/vec4 4;
    %and;
    %flag_set/vec4 8;
    %jmp/0xz  T_22.2, 8;
    %pushi/vec4 1, 0, 2;
    %store/vec4 v000000000091f690_0, 0, 2;
    %jmp T_22.3;
T_22.2 ;
    %pushi/vec4 0, 0, 2;
    %store/vec4 v000000000091f690_0, 0, 2;
T_22.3 ;
T_22.1 ;
    %load/vec4 v000000000091faf0_0;
    %pushi/vec4 0, 0, 5;
    %cmp/ne;
    %flag_get/vec4 4;
    %load/vec4 v000000000091faf0_0;
    %load/vec4 v0000000000920bd0_0;
    %cmp/e;
    %flag_get/vec4 4;
    %and;
    %load/vec4 v000000000091fcd0_0;
    %pushi/vec4 1, 0, 1;
    %cmp/e;
    %flag_get/vec4 4;
    %and;
    %flag_set/vec4 8;
    %jmp/0xz  T_22.4, 8;
    %pushi/vec4 2, 0, 2;
    %store/vec4 v000000000091f730_0, 0, 2;
    %jmp T_22.5;
T_22.4 ;
    %load/vec4 v000000000091faf0_0;
    %pushi/vec4 0, 0, 5;
    %cmp/ne;
    %flag_get/vec4 4;
    %load/vec4 v000000000091faf0_0;
    %load/vec4 v000000000091fc30_0;
    %cmp/e;
    %flag_get/vec4 4;
    %and;
    %load/vec4 v000000000091f9b0_0;
    %pushi/vec4 1, 0, 1;
    %cmp/e;
    %flag_get/vec4 4;
    %and;
    %flag_set/vec4 8;
    %jmp/0xz  T_22.6, 8;
    %pushi/vec4 1, 0, 2;
    %store/vec4 v000000000091f730_0, 0, 2;
    %jmp T_22.7;
T_22.6 ;
    %pushi/vec4 0, 0, 2;
    %store/vec4 v000000000091f730_0, 0, 2;
T_22.7 ;
T_22.5 ;
    %jmp T_22;
    .thread T_22, $push;
    .scope S_00000000008bc8c0;
T_23 ;
    %wait E_00000000008f85a0;
    %load/vec4 v0000000000926fc0_0;
    %load/vec4 v00000000009268e0_0;
    %concat/vec4; draw_concat_vec4
    %dup/vec4;
    %pushi/vec4 0, 0, 2;
    %cmp/u;
    %jmp/1 T_23.0, 6;
    %dup/vec4;
    %pushi/vec4 1, 0, 2;
    %cmp/u;
    %jmp/1 T_23.1, 6;
    %dup/vec4;
    %pushi/vec4 2, 0, 2;
    %cmp/u;
    %jmp/1 T_23.2, 6;
    %dup/vec4;
    %pushi/vec4 3, 0, 2;
    %cmp/u;
    %jmp/1 T_23.3, 6;
    %load/vec4 v0000000000926a20_0;
    %assign/vec4 v0000000000926480_0, 0;
    %jmp T_23.5;
T_23.0 ;
    %load/vec4 v0000000000926a20_0;
    %assign/vec4 v0000000000926480_0, 0;
    %jmp T_23.5;
T_23.1 ;
    %load/vec4 v0000000000925b20_0;
    %assign/vec4 v0000000000926480_0, 0;
    %jmp T_23.5;
T_23.2 ;
    %load/vec4 v0000000000926c00_0;
    %assign/vec4 v0000000000926480_0, 0;
    %jmp T_23.5;
T_23.3 ;
    %load/vec4 v0000000000926c00_0;
    %assign/vec4 v0000000000926480_0, 0;
    %jmp T_23.5;
T_23.5 ;
    %pop/vec4 1;
    %jmp T_23;
    .thread T_23, $push;
    .scope S_00000000008bc8c0;
T_24 ;
    %wait E_00000000008f8220;
    %load/vec4 v0000000000926e80_0;
    %parti/s 1, 15, 5;
    %cmpi/e 1, 0, 1;
    %jmp/0xz  T_24.0, 4;
    %load/vec4 v0000000000927240_0;
    %pushi/vec4 255, 0, 16;
    %load/vec4 v0000000000926e80_0;
    %parti/s 16, 0, 2;
    %concat/vec4; draw_concat_vec4
    %add;
    %store/vec4 v0000000000925b20_0, 0, 32;
    %jmp T_24.1;
T_24.0 ;
    %load/vec4 v0000000000927240_0;
    %pushi/vec4 0, 0, 16;
    %load/vec4 v0000000000926e80_0;
    %parti/s 16, 0, 2;
    %concat/vec4; draw_concat_vec4
    %add;
    %store/vec4 v0000000000925b20_0, 0, 32;
T_24.1 ;
    %jmp T_24;
    .thread T_24, $push;
    .scope S_00000000008bc8c0;
T_25 ;
    %wait E_00000000008f8ba0;
    %load/vec4 v0000000000927380_0;
    %dup/vec4;
    %pushi/vec4 0, 0, 2;
    %cmp/u;
    %jmp/1 T_25.0, 6;
    %dup/vec4;
    %pushi/vec4 1, 0, 2;
    %cmp/u;
    %jmp/1 T_25.1, 6;
    %dup/vec4;
    %pushi/vec4 2, 0, 2;
    %cmp/u;
    %jmp/1 T_25.2, 6;
    %load/vec4 v0000000000926de0_0;
    %assign/vec4 v0000000000923a70_0, 0;
    %jmp T_25.4;
T_25.0 ;
    %load/vec4 v0000000000926de0_0;
    %assign/vec4 v0000000000923a70_0, 0;
    %jmp T_25.4;
T_25.1 ;
    %load/vec4 v0000000000925a80_0;
    %assign/vec4 v0000000000923a70_0, 0;
    %jmp T_25.4;
T_25.2 ;
    %load/vec4 v0000000000923890_0;
    %assign/vec4 v0000000000923a70_0, 0;
    %jmp T_25.4;
T_25.4 ;
    %pop/vec4 1;
    %jmp T_25;
    .thread T_25, $push;
    .scope S_00000000008bc8c0;
T_26 ;
    %wait E_00000000008f8060;
    %load/vec4 v00000000009260c0_0;
    %dup/vec4;
    %pushi/vec4 0, 0, 2;
    %cmp/u;
    %jmp/1 T_26.0, 6;
    %dup/vec4;
    %pushi/vec4 1, 0, 2;
    %cmp/u;
    %jmp/1 T_26.1, 6;
    %dup/vec4;
    %pushi/vec4 2, 0, 2;
    %cmp/u;
    %jmp/1 T_26.2, 6;
    %load/vec4 v0000000000926840_0;
    %assign/vec4 v0000000000924ab0_0, 0;
    %jmp T_26.4;
T_26.0 ;
    %load/vec4 v0000000000926840_0;
    %assign/vec4 v0000000000924ab0_0, 0;
    %jmp T_26.4;
T_26.1 ;
    %load/vec4 v0000000000925a80_0;
    %assign/vec4 v0000000000924ab0_0, 0;
    %jmp T_26.4;
T_26.2 ;
    %load/vec4 v0000000000923890_0;
    %assign/vec4 v0000000000924ab0_0, 0;
    %jmp T_26.4;
T_26.4 ;
    %pop/vec4 1;
    %jmp T_26;
    .thread T_26, $push;
    .scope S_00000000008bc730;
T_27 ;
    %vpi_call/w 3 11 "$dumpfile", "testbench.vcd" {0 0 0};
    %vpi_call/w 3 12 "$dumpvars", 32'sb00000000000000000000000000000000, S_00000000008bc730 {0 0 0};
    %pushi/vec4 0, 0, 1;
    %store/vec4 v0000000000925d00_0, 0, 1;
T_27.0 ;
    %delay 5, 0;
    %load/vec4 v0000000000925d00_0;
    %inv;
    %store/vec4 v0000000000925d00_0, 0, 1;
    %jmp T_27.0;
    %end;
    .thread T_27;
    .scope S_00000000008bc730;
T_28 ;
    %delay 1000, 0;
    %vpi_call/w 3 19 "$finish" {0 0 0};
    %end;
    .thread T_28;
# The file index is used to find the file name in the following table.
:file_names 12;
    "N/A";
    "<interactive>";
    "-";
    "testbench.v";
    "./cpu.v";
    "./alu.v";
    "./regr.v";
    "./dm.v";
    "./harzard_unit.v";
    "./im.v";
    "./mcu.v";
    "./regm.v";
